{"E:\\Namaste REACT\\Episode04\\Namaste Food\\src\\components\\Contact.js": {"path":"E:\\Namaste REACT\\Episode04\\Namaste Food\\src\\components\\Contact.js","statementMap":{"0":{"start":{"line":1,"column":16},"end":{"line":8,"column":1}},"1":{"start":{"line":2,"column":4},"end":{"line":7,"column":5}}},"fnMap":{"0":{"name":"(anonymous_0)","decl":{"start":{"line":1,"column":16},"end":{"line":1,"column":17}},"loc":{"start":{"line":1,"column":22},"end":{"line":8,"column":1}},"line":1}},"branchMap":{},"s":{"0":1,"1":2},"f":{"0":2},"b":{},"_coverageSchema":"1a1c01bbd47fc00a2c39e90264f33305004495a9","hash":"d24de5cffd42bb61ed72ae349407e0c7b4e981bc"}
,"E:\\Namaste REACT\\Episode04\\Namaste Food\\src\\components\\sum.js": {"path":"E:\\Namaste REACT\\Episode04\\Namaste Food\\src\\components\\sum.js","statementMap":{"0":{"start":{"line":1,"column":19},"end":{"line":3,"column":1}},"1":{"start":{"line":2,"column":4},"end":{"line":2,"column":17}}},"fnMap":{"0":{"name":"(anonymous_0)","decl":{"start":{"line":1,"column":19},"end":{"line":1,"column":20}},"loc":{"start":{"line":1,"column":28},"end":{"line":3,"column":1}},"line":1}},"branchMap":{},"s":{"0":1,"1":1},"f":{"0":1},"b":{},"_coverageSchema":"1a1c01bbd47fc00a2c39e90264f33305004495a9","hash":"ca7bdd30cf56129a2686f948128e7b75f2cffda7"}
}
