TN:
SF:src\components\Body.js
FN:10,(anonymous_0)
FN:15,(anonymous_1)
FN:20,(anonymous_2)
FN:52,(anonymous_3)
FN:56,(anonymous_4)
FN:59,(anonymous_5)
FN:73,(anonymous_6)
FN:80,(anonymous_7)
FN:82,(anonymous_8)
FN:91,(anonymous_9)
FNF:10
FNH:4
FNDA:2,(anonymous_0)
FNDA:1,(anonymous_1)
FNDA:1,(anonymous_2)
FNDA:0,(anonymous_3)
FNDA:0,(anonymous_4)
FNDA:0,(anonymous_5)
FNDA:0,(anonymous_6)
FNDA:0,(anonymous_7)
FNDA:0,(anonymous_8)
FNDA:6,(anonymous_9)
DA:10,1
DA:11,2
DA:12,2
DA:13,2
DA:15,2
DA:16,1
DA:17,1
DA:20,2
DA:21,1
DA:22,1
DA:25,2
DA:27,2
DA:28,0
DA:37,2
DA:39,2
DA:40,1
DA:42,1
DA:52,0
DA:57,0
DA:59,0
DA:60,0
DA:64,0
DA:73,0
DA:81,0
DA:82,0
DA:84,0
DA:92,6
LF:27
LH:17
BRDA:27,0,0,0
BRDA:27,0,1,2
BRDA:39,1,0,1
BRDA:39,1,1,1
BRF:4
BRH:3
end_of_record
TN:
SF:src\components\RestaurantCard.js
FN:10,(anonymous_0)
FN:34,(anonymous_1)
FNF:2
FNH:1
FNDA:6,(anonymous_0)
FNDA:0,(anonymous_1)
DA:5,1
DA:8,1
DA:10,1
DA:11,6
DA:12,6
DA:20,6
DA:22,6
DA:24,6
DA:36,0
DA:37,0
LF:10
LH:8
BRDA:12,0,0,6
BRDA:12,0,1,0
BRDA:15,1,0,0
BRDA:28,2,0,6
BRDA:28,2,1,0
BRDA:30,3,0,0
BRDA:30,3,1,6
BRDA:49,4,0,6
BRDA:49,4,1,0
BRF:9
BRH:4
end_of_record
TN:
SF:src\components\Shimmer.js
FN:1,(anonymous_0)
FN:4,(anonymous_1)
FNF:2
FNH:2
FNDA:1,(anonymous_0)
FNDA:12,(anonymous_1)
DA:1,1
DA:2,1
DA:5,12
LF:3
LH:3
BRF:0
BRH:0
end_of_record
TN:
SF:src\utils\UserContext.js
FNF:0
FNH:0
DA:3,1
LF:1
LH:1
BRF:0
BRH:0
end_of_record
TN:
SF:src\utils\localData.js
FNF:0
FNH:0
DA:1,1
DA:70,1
DA:103,1
LF:3
LH:3
BRF:0
BRH:0
end_of_record
TN:
SF:src\utils\useOnlineStatus.js
FN:3,(anonymous_0)
FN:5,(anonymous_1)
FN:6,(anonymous_2)
FN:10,(anonymous_3)
FNF:4
FNH:2
FNDA:2,(anonymous_0)
FNDA:1,(anonymous_1)
FNDA:0,(anonymous_2)
FNDA:0,(anonymous_3)
DA:3,1
DA:4,2
DA:5,2
DA:6,1
DA:7,0
DA:10,1
DA:11,0
DA:15,2
LF:8
LH:6
BRF:0
BRH:0
end_of_record
